<?xml version="1.0" encoding="UTF-8"?>
<!-- Generated by org.testng.reporters.JUnitReportReporter -->
<testsuite skipped="0" hostname="DESKTOP-8E7AJQP" name="testingtest.WebTest" tests="1" failures="0" timestamp="12 Jul 2018 21:19:19 GMT" time="63.406" errors="0">
  <testcase name="navigateApp" time="63.406" classname="testingtest.WebTest"/>
</testsuite> <!-- testingtest.WebTest -->
